{"total": {"lines":{"total":99,"covered":98,"skipped":0,"pct":98.99},"statements":{"total":105,"covered":104,"skipped":0,"pct":99.05},"functions":{"total":25,"covered":25,"skipped":0,"pct":100},"branches":{"total":39,"covered":35,"skipped":0,"pct":89.74}}
,"/home/runner/work/code-snippet/code-snippet/src/01_debounce_throttle/index.js": {"lines":{"total":12,"covered":12,"skipped":0,"pct":100},"functions":{"total":5,"covered":5,"skipped":0,"pct":100},"statements":{"total":12,"covered":12,"skipped":0,"pct":100},"branches":{"total":4,"covered":4,"skipped":0,"pct":100}}
,"/home/runner/work/code-snippet/code-snippet/src/02_array/index.js": {"lines":{"total":44,"covered":44,"skipped":0,"pct":100},"functions":{"total":12,"covered":12,"skipped":0,"pct":100},"statements":{"total":50,"covered":50,"skipped":0,"pct":100},"branches":{"total":16,"covered":15,"skipped":0,"pct":93.75}}
,"/home/runner/work/code-snippet/code-snippet/src/03_call_apply_bind/index.js": {"lines":{"total":18,"covered":18,"skipped":0,"pct":100},"functions":{"total":4,"covered":4,"skipped":0,"pct":100},"statements":{"total":18,"covered":18,"skipped":0,"pct":100},"branches":{"total":6,"covered":4,"skipped":0,"pct":66.67}}
,"/home/runner/work/code-snippet/code-snippet/src/04_bibonacci/index.js": {"lines":{"total":25,"covered":24,"skipped":0,"pct":96},"functions":{"total":4,"covered":4,"skipped":0,"pct":100},"statements":{"total":25,"covered":24,"skipped":0,"pct":96},"branches":{"total":13,"covered":12,"skipped":0,"pct":92.31}}
}
