TN:
SF:src/01_debounce_throttle/index.js
FN:1,debounce
FN:3,(anonymous_1)
FN:10,throttle
FN:13,(anonymous_3)
FN:17,(anonymous_4)
FNF:5
FNH:5
FNDA:1,debounce
FNDA:3,(anonymous_1)
FNDA:1,throttle
FNDA:6,(anonymous_3)
FNDA:2,(anonymous_4)
DA:3,1
DA:4,3
DA:5,3
DA:6,3
DA:12,1
DA:13,1
DA:14,6
DA:15,6
DA:16,2
DA:17,2
DA:18,2
DA:19,2
LF:12
LH:12
BRDA:5,0,0,3
BRDA:5,0,1,2
BRDA:15,1,0,2
BRDA:15,1,1,4
BRF:4
BRH:4
end_of_record
TN:
SF:src/02_array/index.js
FN:1,union
FN:7,intersection
FN:11,(anonymous_2)
FN:12,(anonymous_3)
FN:13,(anonymous_4)
FN:20,difference
FN:24,(anonymous_6)
FN:31,flatten
FN:40,flattenDepthFirst
FN:52,flatten
FN:70,flattenBreadthFirst
FN:76,flatten
FNF:12
FNH:12
FNDA:8,union
FNDA:5,intersection
FNDA:21,(anonymous_2)
FNDA:57,(anonymous_3)
FNDA:57,(anonymous_4)
FNDA:2,difference
FNDA:7,(anonymous_6)
FNDA:12,flatten
FNDA:6,flattenDepthFirst
FNDA:12,flatten
FNDA:6,flattenBreadthFirst
FNDA:10,flatten
DA:3,8
DA:4,8
DA:9,5
DA:10,5
DA:11,5
DA:12,57
DA:13,57
DA:14,21
DA:16,5
DA:22,2
DA:23,2
DA:24,7
DA:25,2
DA:28,1
DA:29,1
DA:33,12
DA:34,6
DA:35,6
DA:36,6
DA:41,6
DA:42,6
DA:43,16
DA:44,16
DA:45,6
DA:47,10
DA:50,6
DA:53,12
DA:54,2
DA:56,10
DA:57,18
DA:58,18
DA:59,6
DA:61,12
DA:71,6
DA:72,6
DA:73,10
DA:75,6
DA:77,10
DA:78,10
DA:79,32
DA:80,32
DA:81,10
DA:83,22
DA:86,10
LF:44
LH:44
BRDA:31,0,0,3
BRDA:31,1,0,6
BRDA:33,2,0,6
BRDA:33,2,1,6
BRDA:35,3,0,6
BRDA:35,3,1,0
BRDA:44,4,0,6
BRDA:44,4,1,10
BRDA:53,5,0,2
BRDA:53,5,1,10
BRDA:53,6,0,12
BRDA:53,6,1,10
BRDA:58,7,0,6
BRDA:58,7,1,12
BRDA:80,8,0,10
BRDA:80,8,1,22
BRF:16
BRH:15
end_of_record
